running egg_info
creating ../../build/thirdcam_pubsub/thirdcam_pubsub.egg-info
writing ../../build/thirdcam_pubsub/thirdcam_pubsub.egg-info/PKG-INFO
writing dependency_links to ../../build/thirdcam_pubsub/thirdcam_pubsub.egg-info/dependency_links.txt
writing entry points to ../../build/thirdcam_pubsub/thirdcam_pubsub.egg-info/entry_points.txt
writing requirements to ../../build/thirdcam_pubsub/thirdcam_pubsub.egg-info/requires.txt
writing top-level names to ../../build/thirdcam_pubsub/thirdcam_pubsub.egg-info/top_level.txt
writing manifest file '../../build/thirdcam_pubsub/thirdcam_pubsub.egg-info/SOURCES.txt'
reading manifest file '../../build/thirdcam_pubsub/thirdcam_pubsub.egg-info/SOURCES.txt'
writing manifest file '../../build/thirdcam_pubsub/thirdcam_pubsub.egg-info/SOURCES.txt'
running build
running build_py
creating /home/timothy/thirdcam/build/thirdcam_pubsub/build
creating /home/timothy/thirdcam/build/thirdcam_pubsub/build/lib
creating /home/timothy/thirdcam/build/thirdcam_pubsub/build/lib/thirdcam_pubsub
copying thirdcam_pubsub/thirdcampub.py -> /home/timothy/thirdcam/build/thirdcam_pubsub/build/lib/thirdcam_pubsub
copying thirdcam_pubsub/__init__.py -> /home/timothy/thirdcam/build/thirdcam_pubsub/build/lib/thirdcam_pubsub
copying thirdcam_pubsub/thirdcamsub.py -> /home/timothy/thirdcam/build/thirdcam_pubsub/build/lib/thirdcam_pubsub
running install
running install_lib
creating /home/timothy/thirdcam/install/thirdcam_pubsub/lib/python3.8/site-packages/thirdcam_pubsub
copying /home/timothy/thirdcam/build/thirdcam_pubsub/build/lib/thirdcam_pubsub/thirdcampub.py -> /home/timothy/thirdcam/install/thirdcam_pubsub/lib/python3.8/site-packages/thirdcam_pubsub
copying /home/timothy/thirdcam/build/thirdcam_pubsub/build/lib/thirdcam_pubsub/__init__.py -> /home/timothy/thirdcam/install/thirdcam_pubsub/lib/python3.8/site-packages/thirdcam_pubsub
copying /home/timothy/thirdcam/build/thirdcam_pubsub/build/lib/thirdcam_pubsub/thirdcamsub.py -> /home/timothy/thirdcam/install/thirdcam_pubsub/lib/python3.8/site-packages/thirdcam_pubsub
byte-compiling /home/timothy/thirdcam/install/thirdcam_pubsub/lib/python3.8/site-packages/thirdcam_pubsub/thirdcampub.py to thirdcampub.cpython-38.pyc
byte-compiling /home/timothy/thirdcam/install/thirdcam_pubsub/lib/python3.8/site-packages/thirdcam_pubsub/__init__.py to __init__.cpython-38.pyc
byte-compiling /home/timothy/thirdcam/install/thirdcam_pubsub/lib/python3.8/site-packages/thirdcam_pubsub/thirdcamsub.py to thirdcamsub.cpython-38.pyc
running install_data
creating /home/timothy/thirdcam/install/thirdcam_pubsub/share/ament_index
creating /home/timothy/thirdcam/install/thirdcam_pubsub/share/ament_index/resource_index
creating /home/timothy/thirdcam/install/thirdcam_pubsub/share/ament_index/resource_index/packages
copying resource/thirdcam_pubsub -> /home/timothy/thirdcam/install/thirdcam_pubsub/share/ament_index/resource_index/packages
copying package.xml -> /home/timothy/thirdcam/install/thirdcam_pubsub/share/thirdcam_pubsub
running install_egg_info
Copying ../../build/thirdcam_pubsub/thirdcam_pubsub.egg-info to /home/timothy/thirdcam/install/thirdcam_pubsub/lib/python3.8/site-packages/thirdcam_pubsub-0.0.0-py3.8.egg-info
running install_scripts
Installing my_publisher script to /home/timothy/thirdcam/install/thirdcam_pubsub/lib/thirdcam_pubsub
Installing my_subscriber script to /home/timothy/thirdcam/install/thirdcam_pubsub/lib/thirdcam_pubsub
writing list of installed files to '/home/timothy/thirdcam/build/thirdcam_pubsub/install.log'
