running egg_info
writing ../../build/thirdcam_pubsub/thirdcam_pubsub.egg-info/PKG-INFO
writing dependency_links to ../../build/thirdcam_pubsub/thirdcam_pubsub.egg-info/dependency_links.txt
writing entry points to ../../build/thirdcam_pubsub/thirdcam_pubsub.egg-info/entry_points.txt
writing requirements to ../../build/thirdcam_pubsub/thirdcam_pubsub.egg-info/requires.txt
writing top-level names to ../../build/thirdcam_pubsub/thirdcam_pubsub.egg-info/top_level.txt
reading manifest file '../../build/thirdcam_pubsub/thirdcam_pubsub.egg-info/SOURCES.txt'
writing manifest file '../../build/thirdcam_pubsub/thirdcam_pubsub.egg-info/SOURCES.txt'
running build
running build_py
copying thirdcam_pubsub/thirdcampub.py -> /home/timothy/thirdcam/build/thirdcam_pubsub/build/lib/thirdcam_pubsub
copying thirdcam_pubsub/thirdcamsub.py -> /home/timothy/thirdcam/build/thirdcam_pubsub/build/lib/thirdcam_pubsub
running install
running install_lib
copying /home/timothy/thirdcam/build/thirdcam_pubsub/build/lib/thirdcam_pubsub/thirdcampub.py -> /home/timothy/thirdcam/install/thirdcam_pubsub/lib/python3.8/site-packages/thirdcam_pubsub
copying /home/timothy/thirdcam/build/thirdcam_pubsub/build/lib/thirdcam_pubsub/thirdcamsub.py -> /home/timothy/thirdcam/install/thirdcam_pubsub/lib/python3.8/site-packages/thirdcam_pubsub
byte-compiling /home/timothy/thirdcam/install/thirdcam_pubsub/lib/python3.8/site-packages/thirdcam_pubsub/thirdcampub.py to thirdcampub.cpython-38.pyc
byte-compiling /home/timothy/thirdcam/install/thirdcam_pubsub/lib/python3.8/site-packages/thirdcam_pubsub/thirdcamsub.py to thirdcamsub.cpython-38.pyc
running install_data
running install_egg_info
removing '/home/timothy/thirdcam/install/thirdcam_pubsub/lib/python3.8/site-packages/thirdcam_pubsub-0.0.0-py3.8.egg-info' (and everything under it)
Copying ../../build/thirdcam_pubsub/thirdcam_pubsub.egg-info to /home/timothy/thirdcam/install/thirdcam_pubsub/lib/python3.8/site-packages/thirdcam_pubsub-0.0.0-py3.8.egg-info
running install_scripts
Installing my_publisher script to /home/timothy/thirdcam/install/thirdcam_pubsub/lib/thirdcam_pubsub
Installing my_subscriber script to /home/timothy/thirdcam/install/thirdcam_pubsub/lib/thirdcam_pubsub
writing list of installed files to '/home/timothy/thirdcam/build/thirdcam_pubsub/install.log'
