[0.648s] Invoking command in '/home/timothy/thirdcam/src/thirdcam_pubsub': PYTHONPATH=/home/timothy/thirdcam/build/thirdcam_pubsub/prefix_override:/usr/lib/python3/dist-packages/colcon_core/task/python/colcon_distutils_commands:/home/timothy/thirdcam/install/thirdcam_pubsub/lib/python3.8/site-packages:${PYTHONPATH} /usr/bin/python3 -W ignore:setup.py install is deprecated setup.py egg_info --egg-base ../../build/thirdcam_pubsub build --build-base /home/timothy/thirdcam/build/thirdcam_pubsub/build install --record /home/timothy/thirdcam/build/thirdcam_pubsub/install.log --install-scripts $base/lib/thirdcam_pubsub --single-version-externally-managed install_data
[0.875s] running egg_info
[0.876s] writing ../../build/thirdcam_pubsub/thirdcam_pubsub.egg-info/PKG-INFO
[0.876s] writing dependency_links to ../../build/thirdcam_pubsub/thirdcam_pubsub.egg-info/dependency_links.txt
[0.876s] writing entry points to ../../build/thirdcam_pubsub/thirdcam_pubsub.egg-info/entry_points.txt
[0.877s] writing requirements to ../../build/thirdcam_pubsub/thirdcam_pubsub.egg-info/requires.txt
[0.877s] writing top-level names to ../../build/thirdcam_pubsub/thirdcam_pubsub.egg-info/top_level.txt
[0.911s] reading manifest file '../../build/thirdcam_pubsub/thirdcam_pubsub.egg-info/SOURCES.txt'
[0.912s] writing manifest file '../../build/thirdcam_pubsub/thirdcam_pubsub.egg-info/SOURCES.txt'
[0.912s] running build
[0.912s] running build_py
[0.912s] copying thirdcam_pubsub/thirdcampub.py -> /home/timothy/thirdcam/build/thirdcam_pubsub/build/lib/thirdcam_pubsub
[0.912s] copying thirdcam_pubsub/thirdcamsub.py -> /home/timothy/thirdcam/build/thirdcam_pubsub/build/lib/thirdcam_pubsub
[0.913s] running install
[0.914s] running install_lib
[0.915s] copying /home/timothy/thirdcam/build/thirdcam_pubsub/build/lib/thirdcam_pubsub/thirdcampub.py -> /home/timothy/thirdcam/install/thirdcam_pubsub/lib/python3.8/site-packages/thirdcam_pubsub
[0.915s] copying /home/timothy/thirdcam/build/thirdcam_pubsub/build/lib/thirdcam_pubsub/thirdcamsub.py -> /home/timothy/thirdcam/install/thirdcam_pubsub/lib/python3.8/site-packages/thirdcam_pubsub
[0.916s] byte-compiling /home/timothy/thirdcam/install/thirdcam_pubsub/lib/python3.8/site-packages/thirdcam_pubsub/thirdcampub.py to thirdcampub.cpython-38.pyc
[0.918s] byte-compiling /home/timothy/thirdcam/install/thirdcam_pubsub/lib/python3.8/site-packages/thirdcam_pubsub/thirdcamsub.py to thirdcamsub.cpython-38.pyc
[0.919s] running install_data
[0.919s] running install_egg_info
[0.921s] removing '/home/timothy/thirdcam/install/thirdcam_pubsub/lib/python3.8/site-packages/thirdcam_pubsub-0.0.0-py3.8.egg-info' (and everything under it)
[0.921s] Copying ../../build/thirdcam_pubsub/thirdcam_pubsub.egg-info to /home/timothy/thirdcam/install/thirdcam_pubsub/lib/python3.8/site-packages/thirdcam_pubsub-0.0.0-py3.8.egg-info
[0.922s] running install_scripts
[0.942s] Installing my_publisher script to /home/timothy/thirdcam/install/thirdcam_pubsub/lib/thirdcam_pubsub
[0.943s] Installing my_subscriber script to /home/timothy/thirdcam/install/thirdcam_pubsub/lib/thirdcam_pubsub
[0.943s] writing list of installed files to '/home/timothy/thirdcam/build/thirdcam_pubsub/install.log'
[0.964s] Invoked command in '/home/timothy/thirdcam/src/thirdcam_pubsub' returned '0': PYTHONPATH=/home/timothy/thirdcam/build/thirdcam_pubsub/prefix_override:/usr/lib/python3/dist-packages/colcon_core/task/python/colcon_distutils_commands:/home/timothy/thirdcam/install/thirdcam_pubsub/lib/python3.8/site-packages:${PYTHONPATH} /usr/bin/python3 -W ignore:setup.py install is deprecated setup.py egg_info --egg-base ../../build/thirdcam_pubsub build --build-base /home/timothy/thirdcam/build/thirdcam_pubsub/build install --record /home/timothy/thirdcam/build/thirdcam_pubsub/install.log --install-scripts $base/lib/thirdcam_pubsub --single-version-externally-managed install_data
